<?xml version="1.0" encoding="UTF-8"?>
<!-- Generated by org.testng.reporters.JUnitReportReporter -->
<testsuite hostname="DESKTOP-5BKKI8L" failures="0" tests="2" name="com.allianz.test.PetRequestTest" time="6.196" errors="0" timestamp="2024-05-14T03:37:08 PDT" skipped="0">
  <testcase classname="com.allianz.test.PetRequestTest" name="findInvalidPetTest" time="4.480"/>
  <testcase classname="com.allianz.test.PetRequestTest" name="findValidPetTest" time="1.716"/>
</testsuite> <!-- com.allianz.test.PetRequestTest -->
